# JRE version: Java(TM) SE Runtime Environment (8.0_111-b14) (build 1.8.0_111-b14)
# Java VM: Java HotSpot(TM) 64-Bit Server VM (25.111-b14 mixed mode bsd-amd64 compressed oops)
Heap:
 PSYoungGen      total 163840K, used 144826K [0x00000007b5580000, 0x00000007c0000000, 0x00000007c0000000)
  eden space 153088K, 90% used [0x00000007b5580000,0x00000007bdc39fe8,0x00000007beb00000)
  from space 10752K, 63% used [0x00000007bf580000,0x00000007bfc34c00,0x00000007c0000000)
  to   space 10752K, 0% used [0x00000007beb00000,0x00000007beb00000,0x00000007bf580000)
 ParOldGen       total 86528K, used 55940K [0x00000007a0000000, 0x00000007a5480000, 0x00000007b5580000)
  object space 86528K, 64% used [0x00000007a0000000,0x00000007a36a10a0,0x00000007a5480000)
 Metaspace       used 90959K, capacity 97681K, committed 98008K, reserved 1134592K
  class space    used 10865K, capacity 12945K, committed 13056K, reserved 1048576K
GC Heap History (10 events):
Event: 11594.402 GC heap before
{Heap before GC invocations=253 (full 75):
 PSYoungGen      total 164352K, used 4682K [0x00000007b5580000, 0x00000007c0000000, 0x00000007c0000000)
  eden space 153600K, 0% used [0x00000007b5580000,0x00000007b5580000,0x00000007beb80000)
  from space 10752K, 43% used [0x00000007bf580000,0x00000007bfa128e8,0x00000007c0000000)
  to   space 10240K, 0% used [0x00000007beb80000,0x00000007beb80000,0x00000007bf580000)
 ParOldGen       total 86528K, used 56088K [0x00000007a0000000, 0x00000007a5480000, 0x00000007b5580000)
  object space 86528K, 64% used [0x00000007a0000000,0x00000007a36c6110,0x00000007a5480000)
 Metaspace       used 90841K, capacity 97553K, committed 97752K, reserved 1134592K
  class space    used 10864K, capacity 12945K, committed 13056K, reserved 1048576K
Event: 11594.783 GC heap after
Heap after GC invocations=253 (full 75):
 PSYoungGen      total 164352K, used 0K [0x00000007b5580000, 0x00000007c0000000, 0x00000007c0000000)
  eden space 153600K, 0% used [0x00000007b5580000,0x00000007b5580000,0x00000007beb80000)
  from space 10752K, 0% used [0x00000007bf580000,0x00000007bf580000,0x00000007c0000000)
  to   space 10240K, 0% used [0x00000007beb80000,0x00000007beb80000,0x00000007bf580000)
 ParOldGen       total 86528K, used 55940K [0x00000007a0000000, 0x00000007a5480000, 0x00000007b5580000)
  object space 86528K, 64% used [0x00000007a0000000,0x00000007a36a10a0,0x00000007a5480000)
 Metaspace       used 90841K, capacity 97553K, committed 97752K, reserved 1134592K
  class space    used 10864K, capacity 12945K, committed 13056K, reserved 1048576K
}
Event: 11602.548 GC heap before
{Heap before GC invocations=254 (full 75):
 PSYoungGen      total 164352K, used 153600K [0x00000007b5580000, 0x00000007c0000000, 0x00000007c0000000)
  eden space 153600K, 100% used [0x00000007b5580000,0x00000007beb80000,0x00000007beb80000)
  from space 10752K, 0% used [0x00000007bf580000,0x00000007bf580000,0x00000007c0000000)
  to   space 10240K, 0% used [0x00000007beb80000,0x00000007beb80000,0x00000007bf580000)
 ParOldGen       total 86528K, used 55940K [0x00000007a0000000, 0x00000007a5480000, 0x00000007b5580000)
  object space 86528K, 64% used [0x00000007a0000000,0x00000007a36a10a0,0x00000007a5480000)
 Metaspace       used 90843K, capacity 97553K, committed 97752K, reserved 1134592K
  class space    used 10864K, capacity 12945K, committed 13056K, reserved 1048576K
Event: 11602.562 GC heap after
Heap after GC invocations=254 (full 75):
 PSYoungGen      total 158720K, used 4889K [0x00000007b5580000, 0x00000007bfe80000, 0x00000007c0000000)
  eden space 153600K, 0% used [0x00000007b5580000,0x00000007b5580000,0x00000007beb80000)
  from space 5120K, 95% used [0x00000007beb80000,0x00000007bf046568,0x00000007bf080000)
  to   space 9728K, 0% used [0x00000007bf500000,0x00000007bf500000,0x00000007bfe80000)
 ParOldGen       total 86528K, used 55940K [0x00000007a0000000, 0x00000007a5480000, 0x00000007b5580000)
  object space 86528K, 64% used [0x00000007a0000000,0x00000007a36a10a0,0x00000007a5480000)
 Metaspace       used 90843K, capacity 97553K, committed 97752K, reserved 1134592K
  class space    used 10864K, capacity 12945K, committed 13056K, reserved 1048576K
}
Event: 11606.139 GC heap before
{Heap before GC invocations=255 (full 75):
 PSYoungGen      total 158720K, used 158489K [0x00000007b5580000, 0x00000007bfe80000, 0x00000007c0000000)
  eden space 153600K, 100% used [0x00000007b5580000,0x00000007beb80000,0x00000007beb80000)
  from space 5120K, 95% used [0x00000007beb80000,0x00000007bf046568,0x00000007bf080000)
  to   space 9728K, 0% used [0x00000007bf500000,0x00000007bf500000,0x00000007bfe80000)
 ParOldGen       total 86528K, used 55940K [0x00000007a0000000, 0x00000007a5480000, 0x00000007b5580000)
  object space 86528K, 64% used [0x00000007a0000000,0x00000007a36a10a0,0x00000007a5480000)
 Metaspace       used 90843K, capacity 97553K, committed 97752K, reserved 1134592K
  class space    used 10864K, capacity 12945K, committed 13056K, reserved 1048576K
Event: 11606.156 GC heap after
Heap after GC invocations=255 (full 75):
 PSYoungGen      total 163328K, used 5497K [0x00000007b5580000, 0x00000007c0000000, 0x00000007c0000000)
  eden space 153600K, 0% used [0x00000007b5580000,0x00000007b5580000,0x00000007beb80000)
  from space 9728K, 56% used [0x00000007bf500000,0x00000007bfa5e568,0x00000007bfe80000)
  to   space 9728K, 0% used [0x00000007beb80000,0x00000007beb80000,0x00000007bf500000)
 ParOldGen       total 86528K, used 55940K [0x00000007a0000000, 0x00000007a5480000, 0x00000007b5580000)
  object space 86528K, 64% used [0x00000007a0000000,0x00000007a36a10a0,0x00000007a5480000)
 Metaspace       used 90843K, capacity 97553K, committed 97752K, reserved 1134592K
  class space    used 10864K, capacity 12945K, committed 13056K, reserved 1048576K
}
Event: 11619.884 GC heap before
{Heap before GC invocations=256 (full 75):
 PSYoungGen      total 163328K, used 159097K [0x00000007b5580000, 0x00000007c0000000, 0x00000007c0000000)
  eden space 153600K, 100% used [0x00000007b5580000,0x00000007beb80000,0x00000007beb80000)
  from space 9728K, 56% used [0x00000007bf500000,0x00000007bfa5e568,0x00000007bfe80000)
  to   space 9728K, 0% used [0x00000007beb80000,0x00000007beb80000,0x00000007bf500000)
 ParOldGen       total 86528K, used 55940K [0x00000007a0000000, 0x00000007a5480000, 0x00000007b5580000)
  object space 86528K, 64% used [0x00000007a0000000,0x00000007a36a10a0,0x00000007a5480000)
 Metaspace       used 90860K, capacity 97553K, committed 97752K, reserved 1134592K
  class space    used 10864K, capacity 12945K, committed 13056K, reserved 1048576K
Event: 11619.907 GC heap after
Heap after GC invocations=256 (full 75):
 PSYoungGen      total 163328K, used 9180K [0x00000007b5580000, 0x00000007c0000000, 0x00000007c0000000)
  eden space 153600K, 0% used [0x00000007b5580000,0x00000007b5580000,0x00000007beb80000)
  from space 9728K, 94% used [0x00000007beb80000,0x00000007bf477138,0x00000007bf500000)
  to   space 10752K, 0% used [0x00000007bf580000,0x00000007bf580000,0x00000007c0000000)
 ParOldGen       total 86528K, used 55940K [0x00000007a0000000, 0x00000007a5480000, 0x00000007b5580000)
  object space 86528K, 64% used [0x00000007a0000000,0x00000007a36a10a0,0x00000007a5480000)
 Metaspace       used 90860K, capacity 97553K, committed 97752K, reserved 1134592K
  class space    used 10864K, capacity 12945K, committed 13056K, reserved 1048576K
}
Event: 11621.634 GC heap before
{Heap before GC invocations=257 (full 75):
 PSYoungGen      total 163328K, used 162780K [0x00000007b5580000, 0x00000007c0000000, 0x00000007c0000000)
  eden space 153600K, 100% used [0x00000007b5580000,0x00000007beb80000,0x00000007beb80000)
  from space 9728K, 94% used [0x00000007beb80000,0x00000007bf477138,0x00000007bf500000)
  to   space 10752K, 0% used [0x00000007bf580000,0x00000007bf580000,0x00000007c0000000)
 ParOldGen       total 86528K, used 55940K [0x00000007a0000000, 0x00000007a5480000, 0x00000007b5580000)
  object space 86528K, 64% used [0x00000007a0000000,0x00000007a36a10a0,0x00000007a5480000)
 Metaspace       used 90882K, capacity 97617K, committed 97752K, reserved 1134592K
  class space    used 10865K, capacity 12945K, committed 13056K, reserved 1048576K
Event: 11621.653 GC heap after
Heap after GC invocations=257 (full 75):
 PSYoungGen      total 163840K, used 6867K [0x00000007b5580000, 0x00000007c0000000, 0x00000007c0000000)
  eden space 153088K, 0% used [0x00000007b5580000,0x00000007b5580000,0x00000007beb00000)
  from space 10752K, 63% used [0x00000007bf580000,0x00000007bfc34c00,0x00000007c0000000)
  to   space 10752K, 0% used [0x00000007beb00000,0x00000007beb00000,0x00000007bf580000)
 ParOldGen       total 86528K, used 55940K [0x00000007a0000000, 0x00000007a5480000, 0x00000007b5580000)
  object space 86528K, 64% used [0x00000007a0000000,0x00000007a36a10a0,0x00000007a5480000)
 Metaspace       used 90882K, capacity 97617K, committed 97752K, reserved 1134592K
  class space    used 10865K, capacity 12945K, committed 13056K, reserved 1048576K
}

